<?xml version="1.0" encoding="UTF-8"?>
<!-- Generated by org.testng.reporters.JUnitReportReporter -->
<testsuite hostname="DESKTOP-AMSJ8TE" failures="0" tests="1" name="PS1" time="0.018" errors="0" timestamp="2024-01-27T15:39:37 IST" skipped="0">
  <testcase classname="PS1" name="testRun" time="0.018"/>
  <system-out/>
</testsuite> <!-- PS1 -->
