<?xml version="1.0" encoding="UTF-8"?>
<!-- Generated by org.testng.reporters.JUnitReportReporter -->
<testsuite hostname="Devarakonda" failures="0" tests="1" name="PS1" time="0.005" errors="0" timestamp="2024-06-21T17:23:43 IST" skipped="0">
  <testcase classname="PS1" name="testRun" time="0.005"/>
  <system-out/>
</testsuite> <!-- PS1 -->
